<?xml version="1.0" encoding="UTF-8"?>
<testng-results skipped="0" failed="0" total="1" passed="1">
  <reporter-output>
  </reporter-output>
  <suite name="Default suite" duration-ms="9508" started-at="2014-07-06T21:09:22Z" finished-at="2014-07-06T21:09:32Z">
    <groups>
    </groups>
    <test name="Default test" duration-ms="9508" started-at="2014-07-06T21:09:22Z" finished-at="2014-07-06T21:09:32Z">
      <class name="com.example.tests.GroupModificationTests">
        <test-method status="PASS" signature="setUp()[pri:0, instance:com.example.tests.GroupModificationTests@1b65c779]" name="setUp" is-config="true" duration-ms="7166" started-at="2014-07-07T01:09:22Z" finished-at="2014-07-07T01:09:30Z">
          <reporter-output>
          </reporter-output>
        </test-method> <!-- setUp -->
        <test-method status="PASS" signature="modifySomeGroup()[pri:0, instance:com.example.tests.GroupModificationTests@1b65c779]" name="modifySomeGroup" duration-ms="1928" started-at="2014-07-07T01:09:30Z" finished-at="2014-07-07T01:09:32Z">
          <reporter-output>
          </reporter-output>
        </test-method> <!-- modifySomeGroup -->
        <test-method status="PASS" signature="tearDown()[pri:0, instance:com.example.tests.GroupModificationTests@1b65c779]" name="tearDown" is-config="true" duration-ms="397" started-at="2014-07-07T01:09:32Z" finished-at="2014-07-07T01:09:32Z">
          <reporter-output>
          </reporter-output>
        </test-method> <!-- tearDown -->
      </class> <!-- com.example.tests.GroupModificationTests -->
    </test> <!-- Default test -->
  </suite> <!-- Default suite -->
</testng-results>
