<?xml version="1.0" encoding="UTF-8"?>
<!-- Generated by org.testng.reporters.JUnitXMLReporter -->
<testsuite hostname="LenkoPC" name="Default test" tests="4" failures="0" timestamp="29 Jun 2014 20:43:14 GMT" time="17.513" errors="0">
  <testcase name="testEmptyGroupCreation" time="1.74" classname="com.example.tests.GroupCreationTests"/>
  <testcase name="testNonEmptyGroupCreation" time="1.674" classname="com.example.tests.GroupCreationTests"/>
  <testcase name="testEmptyContactCreation" time="2.706" classname="com.example.tests.ContactCreationTests"/>
  <testcase name="testNonEmptyContactCreation" time="3.68" classname="com.example.tests.ContactCreationTests"/>
</testsuite> <!-- Default test -->
