<?xml version="1.0" encoding="UTF-8"?>
<!-- Generated by org.testng.reporters.JUnitXMLReporter -->
<testsuite hostname="LenkoPC" name="Default test" tests="4" failures="0" timestamp="23 Jun 2014 19:30:53 GMT" time="14.416" errors="0">
  <testcase name="testEmptyGroupCreation" time="1.679" classname="com.example.tests.AlsoGroupCreationTests"/>
  <testcase name="testNonEmptyGroupCreation" time="1.748" classname="com.example.tests.AlsoGroupCreationTests"/>
  <testcase name="testEmptyGroupCreation" time="1.514" classname="com.example.tests.GroupCreationTests"/>
  <testcase name="testNonEmptyGroupCreation" time="1.661" classname="com.example.tests.GroupCreationTests"/>
</testsuite> <!-- Default test -->
